TN:
SF:src\index.ts
FN:5,generateChangelog
FN:17,(anonymous_1)
FNF:2
FNH:2
FNDA:2,generateChangelog
FNDA:4,(anonymous_1)
DA:1,1
DA:2,1
DA:5,1
DA:7,2
DA:8,2
DA:10,0
DA:14,2
DA:17,2
DA:18,4
DA:19,4
DA:20,4
DA:24,2
DA:25,1
DA:26,1
DA:29,1
LF:15
LH:14
BRDA:5,0,0,0
BRDA:7,1,0,2
BRDA:7,1,1,0
BRDA:24,2,0,1
BRF:4
BRH:2
end_of_record
TN:
SF:src\ai\summarizer.ts
FN:4,(anonymous_0)
FN:35,(anonymous_1)
FN:36,(anonymous_2)
FN:38,(anonymous_3)
FN:41,(anonymous_4)
FN:56,(anonymous_5)
FNF:6
FNH:5
FNDA:2,(anonymous_0)
FNDA:1,(anonymous_1)
FNDA:1,(anonymous_2)
FNDA:1,(anonymous_3)
FNDA:1,(anonymous_4)
FNDA:0,(anonymous_5)
DA:1,1
DA:3,1
DA:5,2
DA:6,2
DA:8,1
DA:24,1
DA:35,1
DA:36,1
DA:37,1
DA:38,1
DA:39,1
DA:41,1
DA:42,1
DA:43,1
DA:44,1
DA:45,1
DA:46,1
DA:48,0
DA:51,0
DA:56,1
DA:57,0
DA:60,1
DA:61,1
LF:23
LH:20
BRDA:6,0,0,1
BRDA:45,1,0,1
BRDA:45,1,1,0
BRF:3
BRH:2
end_of_record
